_XSERVTransSocketOpenCOTSServer: Unable to open socket for inet6
_XSERVTransOpen: transport open failed for inet6/xcovnc2:23
_XSERVTransMakeAllCOTSServerListeners: failed to open listener for inet6

Xvnc Enterprise Edition E4.5 (r21561) - built Mar 16 2009 23:12:37
Copyright (C) 2002-2009 RealVNC Ltd.
See http://www.realvnc.com for information on VNC.
Underlying X server release 60900000, The X.Org Foundation


Thu Mar 15 11:48:06 2012
 vncext:      VNC extension running!
 vncext:      created VNC Server for screen 0
 TcpListener: not listening on IPv6: unable to create listening socket: Address
              family not supported by protocol (97)
 TcpListener: listening on IPv4, port 5923
 TcpListener: not listening on IPv6: unable to create listening socket: Address
              family not supported by protocol (97)
 TcpListener: listening on IPv4, port 5823
error opening security policy file /usr/X11R6/lib/X11/xserver/SecurityPolicy
VNC Configuration Tool Enterprise Edition E4.5 (r21561)
Built on Mar 16 2009 23:10:02
Copyright (C) 2002-2009 RealVNC Ltd.
See http://www.realvnc.com for information on VNC.

Thu Mar 15 11:48:09 2012
 vncconfig:   failed to load gtk_status_icon_new

Thu Mar 15 11:48:25 2012
 Connections: connected: 172.19.72.142::51253
 SConnection: Client needs protocol version 4.0
 SConnection: Client requests security type RA2(5)
 SecurityRA2: Local private key has 2048 bits
 SecurityRA2: Remote public key has 2048 bits
 SecurityRA2: using AES-128

Thu Mar 15 11:48:32 2012
 SConnection: Authentication successful
 Connections: authenticated: 172.19.72.142::51253, as ankitko (Full access)
 SConnection: Server default pixel format depth 24 (32 bpp) little-endian
              rgb888
 SConnection: Encodings Cursor(-239) DesktopSize(-223) ZRLE(16) copyRect(1)
              TRLE(15) hextile(5) RRE(2) raw(0)
 SConnection: Current encoding ZRLE
 SConnection: Client pixel format depth 8 (8 bpp) colour-map

Thu Mar 15 11:54:54 2012
 Connections: disconnected: 172.19.72.142::51253 (Disconnection by client)
 FTMsgWriter: Withdrew share 0, flags 0x0
 SMsgWriter:  framebuffer updates 144
 SMsgWriter:    ZRLE rects 400, bytes 68765
 SMsgWriter:    raw bytes equivalent 2867755, compression ratio 41.70
AUDIT: Fri Mar 16 04:54:45 2012: 27134 Xvnc: client 16 rejected from IP 172.22.172.204
AUDIT: Fri Mar 16 04:55:36 2012: 27134 Xvnc: client 16 rejected from IP 172.22.172.204
X connection to :23.0 broken (explicit kill or server shutdown).
