_XSERVTransSocketOpenCOTSServer: Unable to open socket for inet6
_XSERVTransOpen: transport open failed for inet6/xcovnc3:5
_XSERVTransMakeAllCOTSServerListeners: failed to open listener for inet6
Underlying X server release 60900000, The X.Org Foundation

VNC(R) Server (Virtual-Mode) Enterprise Edition E4.6.3 (r66752) 
Built on Aug 18 2011 14:31:01
Copyright (C) 2002-2011 RealVNC Ltd.
VNC is a registered trademark of RealVNC Ltd. in the U.S. and in other
countries.
See http://www.realvnc.com for information on VNC.
For third party acknowledgements see:
http://www.realvnc.com/products/enterprise/4.6/acknowledgements.html

Thu May 24 11:10:41 2012
 vncext:      VNC extension running!
 PerProcessL: Warning: Ignoring duplicate key in license file.
 vncext:      created VNC Server for screen 0
 TcpListener: listening on IPv4, port 5905
 TcpListener: listening on IPv4, port 5805
error opening security policy file /usr/X11R6/lib/X11/xserver/SecurityPolicy
Could not init font path element /usr/X11R6/lib/X11/fonts/misc/, removing from list!
Could not init font path element /usr/X11R6/lib/X11/fonts/TTF/, removing from list!
Could not init font path element /usr/X11R6/lib/X11/fonts/Type1/, removing from list!
Could not init font path element /usr/X11R6/lib/X11/fonts/CID/, removing from list!
Could not init font path element /usr/X11R6/lib/X11/fonts/75dpi/, removing from list!
Could not init font path element /usr/X11R6/lib/X11/fonts/100dpi/, removing from list!

Thu May 24 11:10:52 2012
 PerProcessL: Warning: Ignoring duplicate key in license file.
 Connections: connected: 172.19.72.142::56888
 SConnection: Client needs protocol version 4.0
 SConnection: Client requests security type RA2_128(5)
 SecurityRA2: Local private key has 2048 bits

Thu May 24 11:10:53 2012
 SecurityRA2: Remote public key has 2048 bits
 SecurityRA2: using AES-128

Thu May 24 11:11:01 2012
 RootCode:    Establishing co-process pipes
 SConnection: Authentication successful
 Connections: authenticated: 172.19.72.142::56888, as ankitko (Full access)
 SConnection: Server default pixel format depth 24 (32 bpp) little-endian
              rgb888
 SConnection: Encodings Cursor(-239) DesktopSize(-223) ZRLE(16) CopyRect(1)
              TRLE(15) Hextile(5) RRE(2) Raw(0)
 SConnection: Current encoding ZRLE
 SConnection: Client pixel format depth 8 (8 bpp) colour-map

Thu May 24 12:10:52 2012
 PerProcessL: Warning: Ignoring duplicate key in license file.

Thu May 24 13:10:52 2012
 PerProcessL: Warning: Ignoring duplicate key in license file.

Thu May 24 14:10:52 2012
 PerProcessL: Warning: Ignoring duplicate key in license file.

Thu May 24 15:10:52 2012
 PerProcessL: Warning: Ignoring duplicate key in license file.

Thu May 24 16:10:52 2012
 PerProcessL: Warning: Ignoring duplicate key in license file.

Thu May 24 17:10:52 2012
 PerProcessL: Warning: Ignoring duplicate key in license file.

Thu May 24 18:10:52 2012
 PerProcessL: Warning: Ignoring duplicate key in license file.

Thu May 24 19:10:52 2012
 PerProcessL: Warning: Ignoring duplicate key in license file.

Thu May 24 20:10:52 2012
 PerProcessL: Warning: Ignoring duplicate key in license file.

Thu May 24 21:10:52 2012
 PerProcessL: Warning: Ignoring duplicate key in license file.

Thu May 24 22:10:52 2012
 PerProcessL: Warning: Ignoring duplicate key in license file.

Thu May 24 23:10:52 2012
 PerProcessL: Warning: Ignoring duplicate key in license file.

Fri May 25 00:10:52 2012
 PerProcessL: Warning: Ignoring duplicate key in license file.

Fri May 25 01:10:52 2012
 PerProcessL: Warning: Ignoring duplicate key in license file.

Fri May 25 02:10:52 2012
 PerProcessL: Warning: Ignoring duplicate key in license file.

Fri May 25 03:10:52 2012
 PerProcessL: Warning: Ignoring duplicate key in license file.

Fri May 25 04:10:52 2012
 PerProcessL: Warning: Ignoring duplicate key in license file.

Fri May 25 05:10:52 2012
 PerProcessL: Warning: Ignoring duplicate key in license file.

Fri May 25 06:10:52 2012
 PerProcessL: Warning: Ignoring duplicate key in license file.

Fri May 25 07:10:52 2012
 PerProcessL: Warning: Ignoring duplicate key in license file.

Fri May 25 08:10:52 2012
 PerProcessL: Warning: Ignoring duplicate key in license file.

Fri May 25 09:10:52 2012
 PerProcessL: Warning: Ignoring duplicate key in license file.

Fri May 25 10:10:52 2012
 PerProcessL: Warning: Ignoring duplicate key in license file.

Fri May 25 11:10:52 2012
 PerProcessL: Warning: Ignoring duplicate key in license file.

Fri May 25 11:21:01 2012
 Connections: disconnected: 172.19.72.142::56888 (read/select: Connection
              reset by peer (104))
 SMsgWriter:  framebuffer updates 9624
 SMsgWriter:    ZRLE rects 12981, bytes 1101721
 SMsgWriter:    raw bytes equivalent 23672274, compression ratio 21.49

Fri May 25 12:10:52 2012
 PerProcessL: Warning: Ignoring duplicate key in license file.

Fri May 25 13:10:52 2012
 PerProcessL: Warning: Ignoring duplicate key in license file.

Fri May 25 14:10:52 2012
 PerProcessL: Warning: Ignoring duplicate key in license file.

Fri May 25 15:10:52 2012
 PerProcessL: Warning: Ignoring duplicate key in license file.

Fri May 25 16:10:52 2012
 PerProcessL: Warning: Ignoring duplicate key in license file.

Fri May 25 17:10:52 2012
 PerProcessL: Warning: Ignoring duplicate key in license file.

Fri May 25 17:44:28 2012
 PerProcessL: Warning: Ignoring duplicate key in license file.
 Connections: connected: 172.19.72.142::58463
 SConnection: Client needs protocol version 4.0
 SConnection: Client requests security type RA2_128(5)
 SecurityRA2: Local private key has 2048 bits

Fri May 25 17:44:29 2012
 SecurityRA2: Remote public key has 2048 bits
 SecurityRA2: using AES-128

Fri May 25 17:44:33 2012
 SConnection: Authentication successful
 Connections: authenticated: 172.19.72.142::58463, as ankitko (Full access)
 SConnection: Server default pixel format depth 24 (32 bpp) little-endian
              rgb888
 SConnection: Encodings Cursor(-239) DesktopSize(-223) ZRLE(16) CopyRect(1)
              TRLE(15) Hextile(5) RRE(2) Raw(0)
 SConnection: Current encoding ZRLE
 SConnection: Client pixel format depth 8 (8 bpp) colour-map
