_XSERVTransSocketOpenCOTSServer: Unable to open socket for inet6
_XSERVTransOpen: transport open failed for inet6/xcovnc4:2
_XSERVTransMakeAllCOTSServerListeners: failed to open listener for inet6
Underlying X server release 60900000, The X.Org Foundation

VNC(R) Server (Virtual-Mode) Enterprise Edition E4.6.3 (r66752) 
Built on Aug 18 2011 14:31:01
Copyright (C) 2002-2011 RealVNC Ltd.
VNC is a registered trademark of RealVNC Ltd. in the U.S. and in other
countries.
See http://www.realvnc.com for information on VNC.
For third party acknowledgements see:
http://www.realvnc.com/products/enterprise/4.6/acknowledgements.html

Sun May 20 18:36:46 2012
 vncext:      VNC extension running!
 PerProcessL: Warning: Ignoring duplicate key in license file.
 vncext:      created VNC Server for screen 0
 TcpListener: listening on IPv4, port 5902
 TcpListener: listening on IPv4, port 5802
error opening security policy file /usr/X11R6/lib/X11/xserver/SecurityPolicy
Could not init font path element /usr/X11R6/lib/X11/fonts/misc/, removing from list!
Could not init font path element /usr/X11R6/lib/X11/fonts/TTF/, removing from list!
Could not init font path element /usr/X11R6/lib/X11/fonts/Type1/, removing from list!
Could not init font path element /usr/X11R6/lib/X11/fonts/CID/, removing from list!
Could not init font path element /usr/X11R6/lib/X11/fonts/75dpi/, removing from list!
Could not init font path element /usr/X11R6/lib/X11/fonts/100dpi/, removing from list!

Sun May 20 18:36:58 2012
 PerProcessL: Warning: Ignoring duplicate key in license file.
 Connections: connected: 172.19.117.202::56148
 SConnection: Client needs protocol version 4.1
 SConnection: Client requests security type RA2_128(5)
 SecurityRA2: Local private key has 2048 bits

Sun May 20 18:36:59 2012
 SecurityRA2: Remote public key has 2048 bits
 SecurityRA2: using AES-128

Sun May 20 18:37:04 2012
 RootCode:    Establishing co-process pipes
 SConnection: Authentication successful
 Connections: authenticated: 172.19.117.202::56148, as ankitko (Full access)
 SConnection: Server default pixel format depth 24 (32 bpp) little-endian
              rgb888
 ftExtension: Received advertisement for share 3688838053
 FTMsgWriter: Requesting '' of share 3688838053 to depth 0
 ftExtension: Received advertisement for share 3688838054
 FTMsgWriter: Requesting '' of share 3688838054 to depth 0
 SConnection: Encodings JRLE(22) CopyRect(1) ZRLE(16) JPEG(21) TRLE(15)
              Zlib(6) Hextile(5) RRE(2) Raw(0) CursorWithAlpha(-311)
              Cursor(-239) DesktopSize(-223)
 SConnection: Current encoding JRLE
 SConnection: Client pixel format depth 24 (32 bpp) little-endian rgb888

Sun May 20 18:37:05 2012
 ftExtension: Received share EOF
 DownloadMan: Requested Microsoft XPS Document Writer via VNC from
              XSJANKITKO30

Sun May 20 18:37:06 2012
 DownloadMan: Download complete.

Sun May 20 18:37:33 2012
 Connections: disconnected: 172.19.117.202::56148 (Window closed by user)
 SMsgWriter:  framebuffer updates 20
 SMsgWriter:    JRLE rects 17, bytes 96494
 SMsgWriter:    raw bytes equivalent 6107676, compression ratio 63.30

Sun May 20 18:39:34 2012
 PerProcessL: Warning: Ignoring duplicate key in license file.
 Connections: connected: 172.19.117.202::56169
 SConnection: Client needs protocol version 4.1
 SConnection: Client requests security type RA2_128(5)
 SecurityRA2: Local private key has 2048 bits
 SecurityRA2: Remote public key has 2048 bits
 SecurityRA2: using AES-128

Sun May 20 18:39:41 2012
 SConnection: Authentication successful
 Connections: authenticated: 172.19.117.202::56169, as ankitko (Full access)
 SConnection: Server default pixel format depth 24 (32 bpp) little-endian
              rgb888
 ftExtension: Received advertisement for share 3175734462
 FTMsgWriter: Requesting '' of share 3175734462 to depth 0

Sun May 20 18:39:42 2012
 ftExtension: Received advertisement for share 3175734463
 FTMsgWriter: Requesting '' of share 3175734463 to depth 0
 SConnection: Encodings JRLE(22) CopyRect(1) ZRLE(16) JPEG(21) TRLE(15)
              Zlib(6) Hextile(5) RRE(2) Raw(0) CursorWithAlpha(-311)
              Cursor(-239) DesktopSize(-223)
 SConnection: Current encoding JRLE
 SConnection: Client pixel format depth 24 (32 bpp) little-endian rgb888
 ftExtension: Received share EOF
 DownloadMan: Requested Microsoft XPS Document Writer via VNC from
              XSJANKITKO30

Sun May 20 18:39:43 2012
 DownloadMan: Download complete.

Sun May 20 18:50:15 2012
 Connections: disconnected: 172.19.117.202::56169 (Window closed by user)
 SMsgWriter:  framebuffer updates 926
 SMsgWriter:    JRLE rects 8044, bytes 2285249
 SMsgWriter:    raw bytes equivalent 58248392, compression ratio 25.49

Sun May 20 19:39:34 2012
 PerProcessL: Warning: Ignoring duplicate key in license file.

Sun May 20 20:39:34 2012
 PerProcessL: Warning: Ignoring duplicate key in license file.

Sun May 20 21:39:34 2012
 PerProcessL: Warning: Ignoring duplicate key in license file.

Sun May 20 21:50:49 2012
 PerProcessL: Warning: Ignoring duplicate key in license file.
 Connections: connected: 172.19.118.208::63255
 SConnection: Client needs protocol version 4.1
 SConnection: Client requests security type RA2_128(5)
 SecurityRA2: Local private key has 2048 bits

Sun May 20 21:50:50 2012
 SecurityRA2: Remote public key has 2048 bits
 SecurityRA2: using AES-128

Sun May 20 21:50:54 2012
 SConnection: AuthFailureException: Access is denied
 Connections: disconnected: 172.19.118.208::63255 (Access is denied)

Sun May 20 21:51:05 2012
 PerProcessL: Warning: Ignoring duplicate key in license file.
 Connections: connected: 172.19.118.208::63256
 SConnection: Client needs protocol version 4.1
 SConnection: Client requests security type RA2_128(5)
 SecurityRA2: Local private key has 2048 bits
 SecurityRA2: Remote public key has 2048 bits

Sun May 20 21:51:06 2012
 SecurityRA2: using AES-128

Sun May 20 21:51:09 2012
 SConnection: AuthFailureException: Access is denied
 Connections: disconnected: 172.19.118.208::63256 (Access is denied)

Sun May 20 22:51:05 2012
 PerProcessL: Warning: Ignoring duplicate key in license file.

Sun May 20 23:05:04 2012
 PerProcessL: Warning: Ignoring duplicate key in license file.
 Connections: connected: 172.19.119.53::52139
 SConnection: Client needs protocol version 4.1
 SConnection: Client requests security type RA2_128(5)
 SecurityRA2: Local private key has 2048 bits
 SecurityRA2: Remote public key has 2048 bits
 SecurityRA2: using AES-128

Sun May 20 23:05:13 2012
 SConnection: Authentication successful
 Connections: authenticated: 172.19.119.53::52139, as ankitko (Full access)
 SConnection: Server default pixel format depth 24 (32 bpp) little-endian
              rgb888
 ftExtension: Received advertisement for share 1802649568
 FTMsgWriter: Requesting '' of share 1802649568 to depth 0
 ftExtension: Received advertisement for share 1802649569
 FTMsgWriter: Requesting '' of share 1802649569 to depth 0
 SConnection: Encodings JRLE(22) CopyRect(1) ZRLE(16) JPEG(21) TRLE(15)
              Zlib(6) Hextile(5) RRE(2) Raw(0) CursorWithAlpha(-311)
              Cursor(-239) DesktopSize(-223)
 SConnection: Current encoding JRLE
 SConnection: Client pixel format depth 24 (32 bpp) little-endian rgb888

Sun May 20 23:05:14 2012
 ftExtension: Received share EOF
 DownloadMan: Requested Microsoft XPS Document Writer via VNC from
              XSJANKITKO30
 DownloadMan: Download complete.
 SConnection: Encodings Raw(0) CopyRect(1) JRLE(22) JPEG(21) ZRLE(16) TRLE(15)
              Zlib(6) Hextile(5) RRE(2) CursorWithAlpha(-311) Cursor(-239)
              DesktopSize(-223)
 SConnection: Current encoding Raw
 SConnection: Encodings JRLE(22) CopyRect(1) ZRLE(16) JPEG(21) TRLE(15)
              Zlib(6) Hextile(5) RRE(2) Raw(0) CursorWithAlpha(-311)
              Cursor(-239) DesktopSize(-223)
 SConnection: Current encoding JRLE

Sun May 20 23:07:36 2012
 Connections: disconnected: 172.19.119.53::52139 (Window closed by user)
 SMsgWriter:  framebuffer updates 260
 SMsgWriter:    Raw rects 1, bytes 17296
 SMsgWriter:    JRLE rects 1042, bytes 574628
 SMsgWriter:    raw bytes equivalent 23437412, compression ratio 39.60

Mon May 21 00:05:04 2012
 PerProcessL: Warning: Ignoring duplicate key in license file.

Mon May 21 01:05:04 2012
 PerProcessL: Warning: Ignoring duplicate key in license file.

Mon May 21 02:05:04 2012
 PerProcessL: Warning: Ignoring duplicate key in license file.

Mon May 21 03:05:04 2012
 PerProcessL: Warning: Ignoring duplicate key in license file.

Mon May 21 04:05:04 2012
 PerProcessL: Warning: Ignoring duplicate key in license file.

Mon May 21 05:05:04 2012
 PerProcessL: Warning: Ignoring duplicate key in license file.

Mon May 21 06:05:04 2012
 PerProcessL: Warning: Ignoring duplicate key in license file.

Mon May 21 07:05:04 2012
 PerProcessL: Warning: Ignoring duplicate key in license file.

Mon May 21 08:05:04 2012
 PerProcessL: Warning: Ignoring duplicate key in license file.

Mon May 21 09:05:04 2012
 PerProcessL: Warning: Ignoring duplicate key in license file.

Mon May 21 10:05:04 2012
 PerProcessL: Warning: Ignoring duplicate key in license file.

Mon May 21 11:05:04 2012
 PerProcessL: Warning: Ignoring duplicate key in license file.

Mon May 21 11:33:59 2012
 PerProcessL: Warning: Ignoring duplicate key in license file.
 Connections: connected: 172.19.72.142::57797
 SConnection: Client needs protocol version 4.0
 SConnection: Client requests security type RA2_128(5)
 SecurityRA2: Local private key has 2048 bits
 SecurityRA2: Remote public key has 2048 bits
 SecurityRA2: using AES-128

Mon May 21 11:34:05 2012
 SConnection: Authentication successful
 Connections: authenticated: 172.19.72.142::57797, as ankitko (Full access)
 SConnection: Server default pixel format depth 24 (32 bpp) little-endian
              rgb888

Mon May 21 11:34:06 2012
 SConnection: Encodings Cursor(-239) DesktopSize(-223) ZRLE(16) CopyRect(1)
              TRLE(15) Hextile(5) RRE(2) Raw(0)
 SConnection: Current encoding ZRLE
 SConnection: Client pixel format depth 8 (8 bpp) colour-map

Mon May 21 12:33:09 2012
 Connections: disconnected: 172.19.72.142::57797 (Disconnection by client)
 SMsgWriter:  framebuffer updates 5466
 SMsgWriter:    ZRLE rects 108121, bytes 13529396
 SMsgWriter:    raw bytes equivalent 123100760, compression ratio 9.10

Mon May 21 12:33:59 2012
 PerProcessL: Warning: Ignoring duplicate key in license file.

Mon May 21 12:39:27 2012
 PerProcessL: Warning: Ignoring duplicate key in license file.
 Connections: connected: 172.19.72.142::58571
 SConnection: Client needs protocol version 4.0
 SConnection: Client requests security type RA2_128(5)
 SecurityRA2: Local private key has 2048 bits
 SecurityRA2: Remote public key has 2048 bits
 SecurityRA2: using AES-128

Mon May 21 12:39:31 2012
 SConnection: Authentication successful
 Connections: authenticated: 172.19.72.142::58571, as ankitko (Full access)
 SConnection: Server default pixel format depth 24 (32 bpp) little-endian
              rgb888
 SConnection: Encodings Cursor(-239) DesktopSize(-223) ZRLE(16) CopyRect(1)
              TRLE(15) Hextile(5) RRE(2) Raw(0)
 SConnection: Current encoding ZRLE
 SConnection: Client pixel format depth 8 (8 bpp) colour-map

Mon May 21 13:39:27 2012
 PerProcessL: Warning: Ignoring duplicate key in license file.

Mon May 21 14:39:27 2012
 PerProcessL: Warning: Ignoring duplicate key in license file.

Mon May 21 15:39:27 2012
 PerProcessL: Warning: Ignoring duplicate key in license file.

Mon May 21 16:39:27 2012
 PerProcessL: Warning: Ignoring duplicate key in license file.

Mon May 21 16:40:15 2012
 ftExtension: Received advertisement for share 3896013558
 FTMsgWriter: Requesting '' of share 3896013558 to depth 0

Mon May 21 16:40:16 2012
 ftExtension: Received share EOF
 FTMsgWriter: Advertised share 1069273695, flags 0x0
 ftExtension: directory '' of share 1069273695 requested to depth 0
 FTMsgWriter: Sent 1 filename(s), marshalled=74
 FTMsgWriter: Sent EOF share 1069273695

Mon May 21 17:39:27 2012
 PerProcessL: Warning: Ignoring duplicate key in license file.

Mon May 21 18:39:27 2012
 PerProcessL: Warning: Ignoring duplicate key in license file.

Mon May 21 19:39:27 2012
 PerProcessL: Warning: Ignoring duplicate key in license file.

Mon May 21 20:39:27 2012
 PerProcessL: Warning: Ignoring duplicate key in license file.

Mon May 21 21:39:27 2012
 PerProcessL: Warning: Ignoring duplicate key in license file.

Mon May 21 22:39:27 2012
 PerProcessL: Warning: Ignoring duplicate key in license file.

Mon May 21 23:39:27 2012
 PerProcessL: Warning: Ignoring duplicate key in license file.

Tue May 22 00:39:27 2012
 PerProcessL: Warning: Ignoring duplicate key in license file.

Tue May 22 00:53:43 2012
 PerProcessL: Warning: Ignoring duplicate key in license file.
 Connections: connected: 172.19.116.90::55210
 SConnection: Client needs protocol version 4.1
 SConnection: Client requests security type RA2_128(5)
 SecurityRA2: Local private key has 2048 bits

Tue May 22 00:53:44 2012
 SecurityRA2: Remote public key has 2048 bits
 SecurityRA2: using AES-128

Tue May 22 00:53:51 2012
 SConnection: Authentication successful
 Connections: authenticated: 172.19.116.90::55210, as ankitko (Full access)
 SConnection: Server default pixel format depth 24 (32 bpp) little-endian
              rgb888

Tue May 22 00:53:52 2012
 ftExtension: Received advertisement for share 4029336092
 FTMsgWriter: Requesting '' of share 4029336092 to depth 0
 ftExtension: Received advertisement for share 4029336093
 FTMsgWriter: Requesting '' of share 4029336093 to depth 0
 SConnection: Encodings JRLE(22) CopyRect(1) ZRLE(16) JPEG(21) TRLE(15)
              Zlib(6) Hextile(5) RRE(2) Raw(0) CursorWithAlpha(-311)
              Cursor(-239) DesktopSize(-223)
 SConnection: Current encoding JRLE
 SConnection: Client pixel format depth 24 (32 bpp) little-endian rgb888
 ftExtension: Received share EOF
 DownloadMan: Requested Microsoft XPS Document Writer via VNC from
              XSJANKITKO30
 SConnection: Encodings Raw(0) CopyRect(1) JRLE(22) JPEG(21) ZRLE(16) TRLE(15)
              Zlib(6) Hextile(5) RRE(2) CursorWithAlpha(-311) Cursor(-239)
              DesktopSize(-223)
 SConnection: Current encoding Raw
 DownloadMan: Download complete.
 SConnection: Encodings JRLE(22) CopyRect(1) ZRLE(16) JPEG(21) TRLE(15)
              Zlib(6) Hextile(5) RRE(2) Raw(0) CursorWithAlpha(-311)
              Cursor(-239) DesktopSize(-223)
 SConnection: Current encoding JRLE

Tue May 22 01:04:19 2012
 PerProcessL: Warning: Ignoring duplicate key in license file.
 Connections: connected: 172.19.116.90::49974

Tue May 22 01:04:20 2012
 SConnection: Client needs protocol version 4.1
 SConnection: Client requests security type RA2_128(5)
 SecurityRA2: Local private key has 2048 bits
 SecurityRA2: Remote public key has 2048 bits
 SecurityRA2: using AES-128

Tue May 22 01:04:25 2012
 SConnection: Authentication successful
 Connections: authenticated: 172.19.116.90::49974, as ankitko (Full access)
 SConnection: Server default pixel format depth 24 (32 bpp) little-endian
              rgb888

Tue May 22 01:04:26 2012
 ftExtension: Received advertisement for share 16140477
 FTMsgWriter: Requesting '' of share 16140477 to depth 0
 ftExtension: Received advertisement for share 16140478
 FTMsgWriter: Requesting '' of share 16140478 to depth 0
 SConnection: Encodings JRLE(22) CopyRect(1) ZRLE(16) JPEG(21) TRLE(15)
              Zlib(6) Hextile(5) RRE(2) Raw(0) CursorWithAlpha(-311)
              Cursor(-239) DesktopSize(-223)
 SConnection: Current encoding JRLE
 SConnection: Client pixel format depth 24 (32 bpp) little-endian rgb888
 ftExtension: Received share EOF
 DownloadMan: Requested Microsoft XPS Document Writer via VNC from
              XSJANKITKO30

Tue May 22 01:04:27 2012
 DownloadMan: Download complete.

Tue May 22 01:04:37 2012
 Connections: disconnected: 172.19.116.90::49974 (Window closed by user)
 SMsgWriter:  framebuffer updates 26
 SMsgWriter:    JRLE rects 26, bytes 86437
 SMsgWriter:    raw bytes equivalent 5386936, compression ratio 62.32

Tue May 22 01:28:02 2012
 Connections: disconnected: 172.19.116.90::55210 (Window closed by user)
 SMsgWriter:  framebuffer updates 2404
 SMsgWriter:    Raw rects 1, bytes 17296
 SMsgWriter:    JRLE rects 3112, bytes 853033
 SMsgWriter:    raw bytes equivalent 45922924, compression ratio 52.77

Tue May 22 02:04:19 2012
 PerProcessL: Warning: Ignoring duplicate key in license file.

Tue May 22 03:04:19 2012
 PerProcessL: Warning: Ignoring duplicate key in license file.

Tue May 22 04:04:19 2012
 PerProcessL: Warning: Ignoring duplicate key in license file.

Tue May 22 05:04:19 2012
 PerProcessL: Warning: Ignoring duplicate key in license file.

Tue May 22 06:04:19 2012
 PerProcessL: Warning: Ignoring duplicate key in license file.

Tue May 22 07:04:19 2012
 PerProcessL: Warning: Ignoring duplicate key in license file.

Tue May 22 08:04:19 2012
 PerProcessL: Warning: Ignoring duplicate key in license file.

Tue May 22 09:04:19 2012
 PerProcessL: Warning: Ignoring duplicate key in license file.

Tue May 22 09:24:17 2012
 PerProcessL: Warning: Ignoring duplicate key in license file.
 Connections: connected: 172.19.116.73::57085
 SConnection: Client needs protocol version 4.1
 SConnection: Client requests security type RA2_128(5)
 SecurityRA2: Local private key has 2048 bits

Tue May 22 09:24:18 2012
 SecurityRA2: Remote public key has 2048 bits
 SecurityRA2: using AES-128

Tue May 22 09:24:23 2012
 SConnection: Authentication successful
 Connections: authenticated: 172.19.116.73::57085, as ankitko (Full access)
 SConnection: Server default pixel format depth 24 (32 bpp) little-endian
              rgb888

Tue May 22 09:24:24 2012
 ftExtension: Received advertisement for share 1233251399
 FTMsgWriter: Requesting '' of share 1233251399 to depth 0
 ftExtension: Received advertisement for share 1233251400
 FTMsgWriter: Requesting '' of share 1233251400 to depth 0
 SConnection: Encodings JRLE(22) CopyRect(1) ZRLE(16) JPEG(21) TRLE(15)
              Zlib(6) Hextile(5) RRE(2) Raw(0) CursorWithAlpha(-311)
              Cursor(-239) DesktopSize(-223)
 SConnection: Current encoding JRLE
 SConnection: Client pixel format depth 24 (32 bpp) little-endian rgb888
 ftExtension: Received share EOF
 DownloadMan: Requested Microsoft XPS Document Writer via VNC from
              XSJANKITKO30
 DownloadMan: Download complete.
 SConnection: Encodings Raw(0) CopyRect(1) JRLE(22) JPEG(21) ZRLE(16) TRLE(15)
              Zlib(6) Hextile(5) RRE(2) CursorWithAlpha(-311) Cursor(-239)
              DesktopSize(-223)
 SConnection: Current encoding Raw
 SConnection: Encodings JRLE(22) CopyRect(1) ZRLE(16) JPEG(21) TRLE(15)
              Zlib(6) Hextile(5) RRE(2) Raw(0) CursorWithAlpha(-311)
              Cursor(-239) DesktopSize(-223)
 SConnection: Current encoding JRLE

Tue May 22 09:25:42 2012
 Connections: disconnected: 172.19.116.73::57085 (Window closed by user)
 SMsgWriter:  framebuffer updates 99
 SMsgWriter:    Raw rects 1, bytes 17296
 SMsgWriter:    JRLE rects 101, bytes 53114
 SMsgWriter:    raw bytes equivalent 11457608, compression ratio 162.73

Tue May 22 09:25:55 2012
 PerProcessL: Warning: Ignoring duplicate key in license file.
 Connections: connected: 172.19.116.73::57120
 SConnection: Client needs protocol version 4.1
 SConnection: Client requests security type RA2_128(5)
 SecurityRA2: Local private key has 2048 bits
 SecurityRA2: Remote public key has 2048 bits
 SecurityRA2: using AES-128

Tue May 22 09:25:57 2012
 Connections: disconnected: 172.19.116.73::57120 (Disconnection by client)

Tue May 22 10:25:55 2012
 PerProcessL: Warning: Ignoring duplicate key in license file.

Tue May 22 11:25:55 2012
 PerProcessL: Warning: Ignoring duplicate key in license file.

Tue May 22 12:25:55 2012
 PerProcessL: Warning: Ignoring duplicate key in license file.

Tue May 22 13:25:55 2012
 PerProcessL: Warning: Ignoring duplicate key in license file.

Tue May 22 14:25:55 2012
 PerProcessL: Warning: Ignoring duplicate key in license file.

Tue May 22 15:25:55 2012
 PerProcessL: Warning: Ignoring duplicate key in license file.

Tue May 22 16:25:55 2012
 PerProcessL: Warning: Ignoring duplicate key in license file.

Tue May 22 17:25:55 2012
 PerProcessL: Warning: Ignoring duplicate key in license file.

Tue May 22 18:25:55 2012
 PerProcessL: Warning: Ignoring duplicate key in license file.

Tue May 22 19:25:55 2012
 PerProcessL: Warning: Ignoring duplicate key in license file.

Tue May 22 20:25:55 2012
 PerProcessL: Warning: Ignoring duplicate key in license file.

Tue May 22 21:25:55 2012
 PerProcessL: Warning: Ignoring duplicate key in license file.

Tue May 22 22:25:55 2012
 PerProcessL: Warning: Ignoring duplicate key in license file.

Tue May 22 23:25:55 2012
 PerProcessL: Warning: Ignoring duplicate key in license file.

Wed May 23 00:25:55 2012
 PerProcessL: Warning: Ignoring duplicate key in license file.

Wed May 23 01:25:55 2012
 PerProcessL: Warning: Ignoring duplicate key in license file.

Wed May 23 02:25:55 2012
 PerProcessL: Warning: Ignoring duplicate key in license file.

Wed May 23 03:25:55 2012
 PerProcessL: Warning: Ignoring duplicate key in license file.

Wed May 23 04:25:55 2012
 PerProcessL: Warning: Ignoring duplicate key in license file.

Wed May 23 05:25:55 2012
 PerProcessL: Warning: Ignoring duplicate key in license file.

Wed May 23 06:25:55 2012
 PerProcessL: Warning: Ignoring duplicate key in license file.

Wed May 23 07:25:55 2012
 PerProcessL: Warning: Ignoring duplicate key in license file.

Wed May 23 08:25:55 2012
 PerProcessL: Warning: Ignoring duplicate key in license file.

Wed May 23 09:25:55 2012
 PerProcessL: Warning: Ignoring duplicate key in license file.

Wed May 23 10:25:55 2012
 PerProcessL: Warning: Ignoring duplicate key in license file.

Wed May 23 11:25:55 2012
 PerProcessL: Warning: Ignoring duplicate key in license file.

Wed May 23 12:25:55 2012
 PerProcessL: Warning: Ignoring duplicate key in license file.

Wed May 23 13:25:55 2012
 PerProcessL: Warning: Ignoring duplicate key in license file.

Wed May 23 14:25:55 2012
 PerProcessL: Warning: Ignoring duplicate key in license file.

Wed May 23 15:25:55 2012
 PerProcessL: Warning: Ignoring duplicate key in license file.

Wed May 23 16:25:55 2012
 PerProcessL: Warning: Ignoring duplicate key in license file.

Wed May 23 17:25:55 2012
 PerProcessL: Warning: Ignoring duplicate key in license file.

Wed May 23 18:25:55 2012
 PerProcessL: Warning: Ignoring duplicate key in license file.

Wed May 23 19:25:55 2012
 PerProcessL: Warning: Ignoring duplicate key in license file.

Wed May 23 20:25:55 2012
 PerProcessL: Warning: Ignoring duplicate key in license file.

Wed May 23 21:25:55 2012
 PerProcessL: Warning: Ignoring duplicate key in license file.

Wed May 23 22:25:55 2012
 PerProcessL: Warning: Ignoring duplicate key in license file.

Wed May 23 23:25:55 2012
 PerProcessL: Warning: Ignoring duplicate key in license file.

Thu May 24 00:25:55 2012
 PerProcessL: Warning: Ignoring duplicate key in license file.

Thu May 24 01:25:55 2012
 PerProcessL: Warning: Ignoring duplicate key in license file.

Thu May 24 02:25:55 2012
 PerProcessL: Warning: Ignoring duplicate key in license file.

Thu May 24 03:25:55 2012
 PerProcessL: Warning: Ignoring duplicate key in license file.

Thu May 24 04:25:55 2012
 PerProcessL: Warning: Ignoring duplicate key in license file.

Thu May 24 05:25:55 2012
 PerProcessL: Warning: Ignoring duplicate key in license file.

Thu May 24 06:25:55 2012
 PerProcessL: Warning: Ignoring duplicate key in license file.

Thu May 24 07:25:55 2012
 PerProcessL: Warning: Ignoring duplicate key in license file.

Thu May 24 08:25:55 2012
 PerProcessL: Warning: Ignoring duplicate key in license file.

Thu May 24 09:25:55 2012
 PerProcessL: Warning: Ignoring duplicate key in license file.

Thu May 24 10:25:55 2012
 PerProcessL: Warning: Ignoring duplicate key in license file.

Thu May 24 10:52:30 2012
 Connections: disconnected: 172.19.72.142::58571 (read/select: Connection
              reset by peer (104))
 FTMsgWriter: Withdrew share 1069273695, flags 0x0
 SMsgWriter:  framebuffer updates 8176
 SMsgWriter:    ZRLE rects 21660, bytes 2294741
 SMsgWriter:    raw bytes equivalent 43104176, compression ratio 18.78

Thu May 24 11:03:53 2012
 PerProcessL: Warning: Ignoring duplicate key in license file.
 Connections: connected: 172.19.72.142::56829
 SConnection: Client needs protocol version 4.0
 SConnection: Client requests security type RA2_128(5)
 SecurityRA2: Local private key has 2048 bits
 SecurityRA2: Remote public key has 2048 bits
 SecurityRA2: using AES-128

Thu May 24 11:04:00 2012
 SConnection: Authentication successful
 Connections: authenticated: 172.19.72.142::56829, as ankitko (Full access)
 SConnection: Server default pixel format depth 24 (32 bpp) little-endian
              rgb888
 SConnection: Encodings Cursor(-239) DesktopSize(-223) ZRLE(16) CopyRect(1)
              TRLE(15) Hextile(5) RRE(2) Raw(0)
 SConnection: Current encoding ZRLE
 SConnection: Client pixel format depth 8 (8 bpp) colour-map

Thu May 24 11:06:24 2012
 Connections: disconnected: 172.19.72.142::56829 (read/select: Connection
              reset by peer (104))
 SMsgWriter:  framebuffer updates 259
 SMsgWriter:    ZRLE rects 441, bytes 68442
 SMsgWriter:    raw bytes equivalent 3273385, compression ratio 47.83

Thu May 24 12:03:53 2012
 PerProcessL: Warning: Ignoring duplicate key in license file.

Thu May 24 13:03:53 2012
 PerProcessL: Warning: Ignoring duplicate key in license file.

Thu May 24 14:03:53 2012
 PerProcessL: Warning: Ignoring duplicate key in license file.

Thu May 24 15:03:53 2012
 PerProcessL: Warning: Ignoring duplicate key in license file.

Thu May 24 16:03:53 2012
 PerProcessL: Warning: Ignoring duplicate key in license file.

Thu May 24 17:03:53 2012
 PerProcessL: Warning: Ignoring duplicate key in license file.

Thu May 24 18:03:53 2012
 PerProcessL: Warning: Ignoring duplicate key in license file.

Thu May 24 19:03:53 2012
 PerProcessL: Warning: Ignoring duplicate key in license file.

Thu May 24 20:03:53 2012
 PerProcessL: Warning: Ignoring duplicate key in license file.

Thu May 24 21:03:53 2012
 PerProcessL: Warning: Ignoring duplicate key in license file.

Thu May 24 22:03:53 2012
 PerProcessL: Warning: Ignoring duplicate key in license file.

Thu May 24 23:03:53 2012
 PerProcessL: Warning: Ignoring duplicate key in license file.

Fri May 25 00:03:53 2012
 PerProcessL: Warning: Ignoring duplicate key in license file.

Fri May 25 01:03:53 2012
 PerProcessL: Warning: Ignoring duplicate key in license file.

Fri May 25 02:03:53 2012
 PerProcessL: Warning: Ignoring duplicate key in license file.

Fri May 25 03:03:53 2012
 PerProcessL: Warning: Ignoring duplicate key in license file.

Fri May 25 04:03:53 2012
 PerProcessL: Warning: Ignoring duplicate key in license file.

Fri May 25 05:03:53 2012
 PerProcessL: Warning: Ignoring duplicate key in license file.

Fri May 25 06:03:53 2012
 PerProcessL: Warning: Ignoring duplicate key in license file.

Fri May 25 07:03:53 2012
 PerProcessL: Warning: Ignoring duplicate key in license file.

Fri May 25 08:03:53 2012
 PerProcessL: Warning: Ignoring duplicate key in license file.

Fri May 25 09:03:53 2012
 PerProcessL: Warning: Ignoring duplicate key in license file.

Fri May 25 10:03:53 2012
 PerProcessL: Warning: Ignoring duplicate key in license file.

Fri May 25 11:03:53 2012
 PerProcessL: Warning: Ignoring duplicate key in license file.

Fri May 25 12:03:53 2012
 PerProcessL: Warning: Ignoring duplicate key in license file.

Fri May 25 13:03:53 2012
 PerProcessL: Warning: Ignoring duplicate key in license file.

Fri May 25 14:03:53 2012
 PerProcessL: Warning: Ignoring duplicate key in license file.

Fri May 25 15:03:53 2012
 PerProcessL: Warning: Ignoring duplicate key in license file.

Fri May 25 16:03:53 2012
 PerProcessL: Warning: Ignoring duplicate key in license file.

Fri May 25 17:03:53 2012
 PerProcessL: Warning: Ignoring duplicate key in license file.

Fri May 25 18:03:53 2012
 PerProcessL: Warning: Ignoring duplicate key in license file.
