Devices.pm                    rx	Sun Jun  3 22:53:45 2012	69193
GeneralDev                    drx	Tue May  1 05:48:59 2012	
IPT_isim.cnx                  rx	Wed Jul 27 05:34:36 2011	50
IPT_ncelab.cnx                rx	Wed Jul 27 05:34:42 2011	1552
IPT_ncelab_tfmpc_off.cnx      rx	Wed Jul 27 05:34:46 2011	1933
IPT_ncsim.cnx                 rx	Wed Jul 27 05:34:50 2011	1452
IPT_ncsim_tfmpc_off.cnx       rx	Wed Jul 27 05:34:54 2011	1397
IPT_ncvhdl.cnx                rx	Wed Jul 27 05:34:58 2011	871
IPT_ncvlog.cnx                rx	Wed Jul 27 05:35:02 2011	462
IPT_vsim.cnx                  rx	Wed Jul 18 23:49:43 2012	1515
IPT_vsim_tfmpc_off.cnx        rx	Wed Jul 27 05:35:09 2011	1175
IPT_xst.cnx                   rx	Wed Jul 27 05:35:13 2011	1441
cgc2sim.tcl                   rx	Wed Jul 27 05:35:17 2011	6909
check_resource_use.pl         rx	Wed Jul 27 05:35:22 2011	4644
checksymbolpins.pl            rx	Wed Jul 27 05:35:28 2011	17063
data                          drx	Wed Jul  4 04:16:39 2012	
dcrbfm_compile                rx	Wed Jul 27 05:35:35 2011	193
define_svTB_params.pl         rx	Fri Jun  1 01:50:12 2012	1453
diff.pl                       rx	Tue May  1 01:41:50 2012	15271
diff_v2.pl                    rx	Tue May  1 01:42:08 2012	18109
drc.cnx                       rx	Mon Aug 22 11:05:06 2011	752
finish.do                     rx	Wed Jul 27 05:35:47 2011	5
generic_param_check.pl        rx	Tue May  1 01:42:13 2012	6733
getsim_parameters.pl          rx	Fri Jun  1 01:50:17 2012	2690
glbl.v                        rx	Wed May  9 10:31:25 2012	1263
ignore_list                   rx	Tue May  1 01:42:21 2012	43
ip_xst_wrapper.pl             rx	Wed Jul 27 05:35:56 2011	14694
isim.cnx                      rx	Fri Dec  2 01:16:11 2011	348
isim_pipsimulation.cnx        rx	Wed Jul 27 05:36:05 2011	3059
ius.cnx                       rx	Tue Dec 20 04:19:00 2011	7911
latency_check.pl              rx	Wed Jul 27 05:36:14 2011	2393
makeStructCodeWrapper.pl      rx	Fri Sep  9 09:07:36 2011	17311
makeTBsv.pl                   rx	Tue May 15 05:57:44 2012	31470
makeVerilogTB.pl              rx	Mon Feb  6 06:20:22 2012	11912
ncelab_pipsimulation.cnx      rx	Fri Jun  1 01:50:21 2012	1806
ncsim_pipsimulation.cnx       rx	Fri May 18 04:10:27 2012	2431
netgen.cnx                    rx	Fri Nov 11 01:51:42 2011	271
newSpool.pl                   rx	Tue Aug 21 14:55:44 2012	19323
opbbfm_compile                rx	Wed Jul 27 05:36:46 2011	209
parameterise_config.pl        rx	Wed Jul 27 05:36:51 2011	11755
parameterise_config_design.pl rx	Wed Jul 27 05:36:56 2011	11796
parameterise_config_sv.pl     rx	Fri Aug 17 00:17:20 2012	12372
parameterise_core_imp.pl      rx	Wed Jul 27 05:37:04 2011	11905
planAhead.cnx                 rx	Tue May  1 01:42:33 2012	212
plbbfm_compile                rx	Wed Jul 27 05:37:09 2011	301
rodin_drc.cnx                 rx	Wed Jul 27 05:37:13 2011	236
sort_top_defs.pl              rx	Wed Jul 27 05:37:18 2011	2202
spy_common.opt                rx	Wed Jul 27 05:37:21 2011	0
spy_stop_common.txt           rx	Wed Jul 27 05:37:25 2011	747
starc_all_rules.txt           rx	Wed Jul 27 05:37:29 2011	13048
struct_makeTBsv.pl            rx	Tue May 15 05:58:35 2012	34726
timeout_detect.pl             rx	Tue May  1 01:42:38 2012	7801
timeout_detect_rdn.pl         rx	Tue May  1 01:42:42 2012	7801
unisim.prj                    rx	Wed Jul 27 05:37:48 2011	83
unisims.prj                   rx	Wed Jul 27 05:37:53 2011	83
update_edkbat.pl              rx	Fri May 18 04:10:41 2012	11864
update_edkxco.pl              rx	Fri May 18 04:10:48 2012	17181
vcs.cnx                       rx	Wed Jul 27 05:37:56 2011	3595
vcs_pipsimulation.cnx         rx	Wed Jul 27 05:38:00 2011	3326
veo2verilog.pl                rx	Tue May  1 01:42:57 2012	1366
vho2hdl.pl                    rx	Tue May  1 01:43:04 2012	1114
vsim.cnx                      rx	Wed Jul 18 23:49:59 2012	3742
vsim_pipsimulation.cnx        rx	Wed Jul 18 23:50:02 2012	3676
vsim_rtlsim.cnx               rx	Mon Nov 28 03:20:33 2011	529
xci2xco.pl                    rx	Sun Jul  1 23:51:07 2012	4379
xco_xci_diff.pl               rx	Sun Jun  3 22:53:58 2012	7096
xilzip                        rx	Wed Jul 27 05:38:15 2011	135717
xilzip_64                     rx	Wed Jul 27 05:38:23 2011	151317
xilzip_nt32.exe               rx	Wed Jul 27 05:48:40 2011	40960
xlnxIP.cfg                    rx	Tue Aug 21 15:45:43 2012	14145
xlnxIP.pl                     rx	Tue Aug 21 14:56:10 2012	229918
xlnxIP.pm                     rx	Wed Aug 22 22:04:04 2012	598404
