Devices.pm                    rx	Sun Jun  3 22:54:24 2012	69193
GeneralDev                    drx	Tue May  1 05:49:24 2012	
IPT_isim.cnx                  rx	Wed Mar 28 04:15:30 2012	50
IPT_ncelab.cnx                rx	Wed Mar 28 04:15:30 2012	1552
IPT_ncelab_tfmpc_off.cnx      rx	Wed Mar 28 04:15:30 2012	1933
IPT_ncsim.cnx                 rx	Wed Mar 28 04:15:30 2012	1452
IPT_ncsim_tfmpc_off.cnx       rx	Wed Mar 28 04:15:30 2012	1397
IPT_ncvhdl.cnx                rx	Wed Mar 28 04:15:30 2012	871
IPT_ncvlog.cnx                rx	Wed Mar 28 04:15:30 2012	462
IPT_vsim.cnx                  rx	Wed Jul 18 23:49:58 2012	1515
IPT_vsim_tfmpc_off.cnx        rx	Wed Mar 28 04:15:31 2012	1175
IPT_xst.cnx                   rx	Wed Mar 28 04:15:31 2012	1441
cgc2sim.tcl                   rx	Wed Mar 28 04:15:31 2012	6909
check_resource_use.pl         rx	Wed Mar 28 04:15:31 2012	4644
checksymbolpins.pl            rx	Wed Mar 28 04:15:31 2012	17063
data                          drx	Wed Jul  4 04:17:15 2012	
dcrbfm_compile                rx	Wed Mar 28 04:15:31 2012	193
define_svTB_params.pl         rx	Fri Jun  1 01:50:20 2012	1453
diff.pl                       rx	Tue May  1 01:42:12 2012	15271
diff_v2.pl                    rx	Tue May  1 01:42:22 2012	18109
drc.cnx                       rx	Wed Mar 28 04:15:32 2012	752
finish.do                     rx	Wed Mar 28 04:15:32 2012	5
generic_param_check.pl        rx	Tue May  1 01:42:27 2012	6733
getsim_parameters.pl          rx	Fri Jun  1 01:50:25 2012	2690
glbl.v                        rx	Wed May  9 10:31:47 2012	1263
ignore_list                   rx	Tue May  1 01:42:36 2012	43
ip_xst_wrapper.pl             rx	Wed Mar 28 04:15:32 2012	14694
isim.cnx                      rx	Wed Mar 28 04:15:32 2012	348
isim_pipsimulation.cnx        rx	Wed Mar 28 04:15:32 2012	3059
ius.cnx                       rx	Wed Mar 28 04:15:33 2012	7911
latency_check.pl              rx	Wed Mar 28 04:15:33 2012	2393
makeStructCodeWrapper.pl      rx	Wed Mar 28 04:15:33 2012	17311
makeTBsv.pl                   rx	Tue May 15 05:58:19 2012	31470
makeVerilogTB.pl              rx	Wed Mar 28 04:15:39 2012	11912
ncelab_pipsimulation.cnx      rx	Fri Jun  1 01:50:30 2012	1806
ncsim_pipsimulation.cnx       rx	Fri May 18 04:10:39 2012	2431
netgen.cnx                    rx	Wed Mar 28 04:15:38 2012	271
newSpool.pl                   rx	Tue Aug 21 14:55:56 2012	19323
opbbfm_compile                rx	Wed Mar 28 04:15:34 2012	209
parameterise_config.pl        rx	Wed Mar 28 04:15:34 2012	11755
parameterise_config_design.pl rx	Wed Mar 28 04:15:34 2012	11796
parameterise_config_sv.pl     rx	Fri Aug 17 00:17:23 2012	12372
parameterise_core_imp.pl      rx	Wed Mar 28 04:15:34 2012	11905
planAhead.cnx                 rx	Tue May  1 01:42:47 2012	212
plbbfm_compile                rx	Wed Mar 28 04:15:34 2012	301
rodin_drc.cnx                 rx	Wed Mar 28 04:15:35 2012	236
sort_top_defs.pl              rx	Wed Mar 28 04:15:35 2012	2202
spy_common.opt                rx	Wed Mar 28 04:15:35 2012	0
spy_stop_common.txt           rx	Wed Mar 28 04:15:35 2012	747
starc_all_rules.txt           rx	Wed Mar 28 04:15:35 2012	13048
struct_makeTBsv.pl            rx	Tue May 15 05:58:52 2012	34726
timeout_detect.pl             rx	Tue May  1 01:42:52 2012	7801
timeout_detect_rdn.pl         rx	Tue May  1 01:42:55 2012	7801
unisim.prj                    rx	Wed Mar 28 04:15:36 2012	83
unisims.prj                   rx	Wed Mar 28 04:15:36 2012	83
update_edkbat.pl              rx	Fri May 18 04:10:52 2012	11864
update_edkxco.pl              rx	Fri May 18 04:10:58 2012	17181
vcs.cnx                       rx	Wed Mar 28 04:15:36 2012	3595
vcs_pipsimulation.cnx         rx	Wed Mar 28 04:15:36 2012	3326
veo2verilog.pl                rx	Tue May  1 01:43:13 2012	1366
vho2hdl.pl                    rx	Tue May  1 01:43:17 2012	1114
vsim.cnx                      rx	Wed Jul 18 23:50:11 2012	3742
vsim_pipsimulation.cnx        rx	Wed Jul 18 23:50:15 2012	3676
vsim_rtlsim.cnx               rx	Wed Mar 28 04:15:38 2012	529
xci2xco.pl                    rx	Sun Jul  1 23:51:29 2012	4379
xco_xci_diff.pl               rx	Sun Jun  3 22:54:33 2012	7096
xilzip                        rx	Wed Mar 28 04:15:37 2012	135717
xilzip_64                     rx	Wed Mar 28 04:15:37 2012	151317
xilzip_nt32.exe               rx	Wed Mar 28 04:15:38 2012	40960
xlnxIP.cfg                    rx	Tue Aug 21 15:45:54 2012	14145
xlnxIP.pl                     rx	Tue Aug 21 14:56:18 2012	229918
xlnxIP.pm                     rx	Wed Aug 22 22:04:42 2012	598404
