Devices.pm                    rx	Sun Jun  3 22:54:27 2012	69193
GeneralDev                    drx	Tue May  1 05:49:27 2012	
IPT_isim.cnx                  rx	Wed Jul 27 05:34:40 2011	50
IPT_ncelab.cnx                rx	Wed Jul 27 05:34:44 2011	1552
IPT_ncelab_tfmpc_off.cnx      rx	Wed Jul 27 05:34:48 2011	1933
IPT_ncsim.cnx                 rx	Wed Jul 27 05:34:52 2011	1452
IPT_ncsim_tfmpc_off.cnx       rx	Wed Jul 27 05:34:56 2011	1397
IPT_ncvhdl.cnx                rx	Wed Jul 27 05:35:00 2011	871
IPT_ncvlog.cnx                rx	Wed Jul 27 05:35:04 2011	462
IPT_vsim.cnx                  rx	Wed Jul 18 23:50:01 2012	1515
IPT_vsim_tfmpc_off.cnx        rx	Wed Jul 27 05:35:12 2011	1175
IPT_xst.cnx                   rx	Wed Jul 27 05:35:15 2011	1441
cgc2sim.tcl                   rx	Wed Jul 27 05:35:20 2011	6909
check_resource_use.pl         rx	Wed Jul 27 05:35:24 2011	4644
checksymbolpins.pl            rx	Wed Jul 27 05:35:33 2011	17063
data                          drx	Wed Jul  4 04:17:23 2012	
dcrbfm_compile                rx	Wed Jul 27 05:35:37 2011	193
define_svTB_params.pl         rx	Fri Jun  1 01:50:21 2012	1453
diff.pl                       rx	Tue May  1 01:42:15 2012	15271
diff_v2.pl                    rx	Tue May  1 01:42:23 2012	18109
drc.cnx                       rx	Mon Aug 22 11:05:22 2011	752
finish.do                     rx	Wed Jul 27 05:35:49 2011	5
generic_param_check.pl        rx	Tue May  1 01:42:28 2012	6733
getsim_parameters.pl          rx	Fri Jun  1 01:50:26 2012	2690
glbl.v                        rx	Wed May  9 10:31:50 2012	1263
ignore_list                   rx	Tue May  1 01:42:36 2012	43
ip_xst_wrapper.pl             rx	Wed Jul 27 05:35:58 2011	14694
isim.cnx                      rx	Fri Dec  2 01:16:34 2011	348
isim_pipsimulation.cnx        rx	Wed Jul 27 05:36:08 2011	3059
ius.cnx                       rx	Tue Dec 20 04:19:15 2011	7911
latency_check.pl              rx	Wed Jul 27 05:36:17 2011	2393
makeStructCodeWrapper.pl      rx	Fri Sep  9 09:07:52 2011	17311
makeTBsv.pl                   rx	Tue May 15 05:58:27 2012	31470
makeVerilogTB.pl              rx	Mon Feb  6 06:21:01 2012	11912
ncelab_pipsimulation.cnx      rx	Fri Jun  1 01:50:30 2012	1806
ncsim_pipsimulation.cnx       rx	Fri May 18 04:10:39 2012	2431
netgen.cnx                    rx	Fri Nov 11 01:52:21 2011	271
newSpool.pl                   rx	Tue Aug 21 14:56:05 2012	19323
opbbfm_compile                rx	Wed Jul 27 05:36:48 2011	209
parameterise_config.pl        rx	Wed Jul 27 05:36:54 2011	11755
parameterise_config_design.pl rx	Wed Jul 27 05:36:58 2011	11796
parameterise_config_sv.pl     rx	Fri Aug 17 00:17:24 2012	12372
parameterise_core_imp.pl      rx	Wed Jul 27 05:37:07 2011	11905
planAhead.cnx                 rx	Tue May  1 01:42:47 2012	212
plbbfm_compile                rx	Wed Jul 27 05:37:11 2011	301
rodin_drc.cnx                 rx	Wed Jul 27 05:37:16 2011	236
sort_top_defs.pl              rx	Wed Jul 27 05:37:20 2011	2202
spy_common.opt                rx	Wed Jul 27 05:37:23 2011	0
spy_stop_common.txt           rx	Wed Jul 27 05:37:27 2011	747
starc_all_rules.txt           rx	Wed Jul 27 05:37:32 2011	13048
struct_makeTBsv.pl            rx	Tue May 15 05:58:53 2012	34726
timeout_detect.pl             rx	Tue May  1 01:42:52 2012	7801
timeout_detect_rdn.pl         rx	Tue May  1 01:42:56 2012	7801
unisim.prj                    rx	Wed Jul 27 05:37:51 2011	83
unisims.prj                   rx	Wed Jul 27 05:37:55 2011	83
update_edkbat.pl              rx	Fri May 18 04:10:54 2012	11864
update_edkxco.pl              rx	Fri May 18 04:10:58 2012	17181
vcs.cnx                       rx	Wed Jul 27 05:37:58 2011	3595
vcs_pipsimulation.cnx         rx	Wed Jul 27 05:38:03 2011	3326
veo2verilog.pl                rx	Tue May  1 01:43:14 2012	1366
vho2hdl.pl                    rx	Tue May  1 01:43:18 2012	1114
vsim.cnx                      rx	Wed Jul 18 23:50:12 2012	3742
vsim_pipsimulation.cnx        rx	Wed Jul 18 23:50:16 2012	3676
vsim_rtlsim.cnx               rx	Mon Nov 28 03:20:51 2011	529
xci2xco.pl                    rx	Sun Jul  1 23:51:31 2012	4379
xco_xci_diff.pl               rx	Sun Jun  3 22:54:35 2012	7096
xilzip                        rx	Wed Jul 27 05:38:20 2011	135717
xilzip_64                     rx	Wed Jul 27 05:38:28 2011	151317
xilzip_nt32.exe               rx	Wed Jul 27 05:48:46 2011	40960
xlnxIP.cfg                    rx	Tue Aug 21 15:46:02 2012	14145
xlnxIP.pl                     rx	Tue Aug 21 14:56:20 2012	229918
xlnxIP.pm                     rx	Wed Aug 22 22:04:51 2012	598404
